2019-10-13 16:42:45,534 now=[1570984965.534131]||path=[/api/v1.0/auth/authorize]||full_path=[/api/v1.0/auth/authorize]||cost=[1.07799]
2019-10-13 16:42:49,875 now=[1570984969.875367]||path=[/api/v1.0/auth/status]||full_path=[/api/v1.0/auth/status]||cost=[0.00623]
2019-10-13 16:42:49,917 now=[1570984969.917284]||path=[/api/v1.0/service/weather]||full_path=[/api/v1.0/service/weather]||cost=[0.01523]
2019-10-13 16:42:49,918 now=[1570984969.918057]||path=[/api/v1.0/service/constellation]||full_path=[/api/v1.0/service/constellation]||cost=[0.01382]
2019-10-13 16:42:49,918 now=[1570984969.918516]||path=[/api/v1.0/service/stock]||full_path=[/api/v1.0/service/stock]||cost=[0.01218]
2019-10-13 16:43:21,356 now=[1570985001.356043]||path=[/api/v1.0/service/menu]||full_path=[/api/v1.0/service/menu]||cost=[0.00751]
2019-10-13 16:43:24,154 now=[1570985004.154038]||path=[/api/v1.0/service/weather]||full_path=[/api/v1.0/service/weather]||cost=[1.70475]
2019-10-13 16:49:54,872 now=[1570985394.8725529]||path=[/all/rss/]||full_path=[/all/rss/]||cost=[0.00602]
2019-10-13 16:51:15,325 now=[1570985475.32505]||path=[/api/v1.0/service/weather]||full_path=[/api/v1.0/service/weather]||cost=[1.85416]
2019-10-13 16:53:05,759 now=[1570985585.759899]||path=[/api/v1.0/service/weather]||full_path=[/api/v1.0/service/weather]||cost=[0.715]
2019-10-13 16:55:23,692 now=[1570985723.692096]||path=[/api/v1.0/service/weather]||full_path=[/api/v1.0/service/weather]||cost=[0.91365]
2019-10-13 16:59:10,164 now=[1570985950.164354]||path=[/api/v1.0/service/weather]||full_path=[/api/v1.0/service/weather]||cost=[1.86074]
2019-10-13 16:59:19,606 now=[1570985959.605952]||path=[/api/v1.0/service/stock]||full_path=[/api/v1.0/service/stock]||cost=[2.49326]
2019-10-13 16:59:27,252 now=[1570985967.2519722]||path=[/api/v1.0/service/constellation]||full_path=[/api/v1.0/service/constellation]||cost=[5.16781]
2019-10-13 16:59:39,307 now=[1570985979.307341]||path=[/api/v1.0/auth/status]||full_path=[/api/v1.0/auth/status]||cost=[0.00695]
2019-10-13 16:59:39,342 now=[1570985979.34255]||path=[/api/v1.0/service/constellation]||full_path=[/api/v1.0/service/constellation]||cost=[0.01288]
2019-10-13 16:59:39,343 now=[1570985979.343571]||path=[/api/v1.0/service/weather]||full_path=[/api/v1.0/service/weather]||cost=[0.01517]
2019-10-13 16:59:39,344 now=[1570985979.344018]||path=[/api/v1.0/service/stock]||full_path=[/api/v1.0/service/stock]||cost=[0.01288]
2019-10-13 16:59:54,875 now=[1570985994.8756201]||path=[/all/rss/]||full_path=[/all/rss/]||cost=[0.00499]
2019-10-13 17:05:10,628 now=[1570986310.6283698]||path=[/api/v1.0/auth/status]||full_path=[/api/v1.0/auth/status]||cost=[0.00438]
2019-10-13 17:05:10,668 now=[1570986310.668162]||path=[/api/v1.0/service/weather]||full_path=[/api/v1.0/service/weather]||cost=[0.0141]
2019-10-13 17:05:10,669 now=[1570986310.669046]||path=[/api/v1.0/service/stock]||full_path=[/api/v1.0/service/stock]||cost=[0.01074]
2019-10-13 17:05:10,674 now=[1570986310.674061]||path=[/api/v1.0/service/constellation]||full_path=[/api/v1.0/service/constellation]||cost=[0.01795]
2019-10-13 17:05:45,761 now=[1570986345.761423]||path=[/api/v1.0/auth/status]||full_path=[/api/v1.0/auth/status]||cost=[0.00676]
2019-10-13 17:05:45,798 now=[1570986345.79864]||path=[/api/v1.0/service/weather]||full_path=[/api/v1.0/service/weather]||cost=[0.01377]
2019-10-13 17:05:45,799 now=[1570986345.799791]||path=[/api/v1.0/service/stock]||full_path=[/api/v1.0/service/stock]||cost=[0.01094]
2019-10-13 17:05:45,800 now=[1570986345.800704]||path=[/api/v1.0/service/constellation]||full_path=[/api/v1.0/service/constellation]||cost=[0.01368]
2019-10-13 17:07:36,240 now=[1570986456.240224]||path=[/api/v1.0/auth/status]||full_path=[/api/v1.0/auth/status]||cost=[0.0057]
2019-10-13 17:07:36,277 now=[1570986456.2779431]||path=[/api/v1.0/service/weather]||full_path=[/api/v1.0/service/weather]||cost=[0.01077]
2019-10-13 17:07:36,280 now=[1570986456.280652]||path=[/api/v1.0/service/constellation]||full_path=[/api/v1.0/service/constellation]||cost=[0.01177]
2019-10-13 17:07:36,282 now=[1570986456.2825532]||path=[/api/v1.0/service/stock]||full_path=[/api/v1.0/service/stock]||cost=[0.01219]
2019-10-13 17:09:54,890 now=[1570986594.890404]||path=[/all/rss/]||full_path=[/all/rss/]||cost=[0.00536]
2019-10-13 17:14:40,151 now=[1570986880.151192]||path=[/api/v1.0/auth/status]||full_path=[/api/v1.0/auth/status]||cost=[0.00534]
2019-10-13 17:14:40,192 now=[1570986880.192833]||path=[/api/v1.0/service/weather]||full_path=[/api/v1.0/service/weather]||cost=[0.01473]
2019-10-13 17:14:40,196 now=[1570986880.195997]||path=[/api/v1.0/service/stock]||full_path=[/api/v1.0/service/stock]||cost=[0.01399]
2019-10-13 17:14:40,196 now=[1570986880.196587]||path=[/api/v1.0/service/constellation]||full_path=[/api/v1.0/service/constellation]||cost=[0.01642]
2019-10-13 17:15:02,367 now=[1570986902.36727]||path=[/api/v1.0/auth/status]||full_path=[/api/v1.0/auth/status]||cost=[0.00393]
2019-10-13 17:15:02,405 now=[1570986902.405555]||path=[/api/v1.0/service/weather]||full_path=[/api/v1.0/service/weather]||cost=[0.01527]
2019-10-13 17:15:02,405 now=[1570986902.405855]||path=[/api/v1.0/service/stock]||full_path=[/api/v1.0/service/stock]||cost=[0.01189]
2019-10-13 17:15:02,406 now=[1570986902.406303]||path=[/api/v1.0/service/constellation]||full_path=[/api/v1.0/service/constellation]||cost=[0.01413]
2019-10-13 17:15:18,827 now=[1570986918.827853]||path=[/api/v1.0/auth/status]||full_path=[/api/v1.0/auth/status]||cost=[0.00523]
2019-10-13 17:15:18,864 now=[1570986918.864717]||path=[/api/v1.0/service/constellation]||full_path=[/api/v1.0/service/constellation]||cost=[0.01153]
2019-10-13 17:15:18,865 now=[1570986918.865058]||path=[/api/v1.0/service/stock]||full_path=[/api/v1.0/service/stock]||cost=[0.00995]
2019-10-13 17:15:18,865 now=[1570986918.8657339]||path=[/api/v1.0/service/weather]||full_path=[/api/v1.0/service/weather]||cost=[0.0144]
2019-10-13 17:16:23,457 now=[1570986983.457717]||path=[/api/v1.0/auth/status]||full_path=[/api/v1.0/auth/status]||cost=[0.00777]
2019-10-13 17:16:23,493 now=[1570986983.4931378]||path=[/api/v1.0/service/constellation]||full_path=[/api/v1.0/service/constellation]||cost=[0.01178]
2019-10-13 17:16:23,493 now=[1570986983.493828]||path=[/api/v1.0/service/stock]||full_path=[/api/v1.0/service/stock]||cost=[0.01048]
2019-10-13 17:16:23,494 now=[1570986983.494357]||path=[/api/v1.0/service/weather]||full_path=[/api/v1.0/service/weather]||cost=[0.01457]
2019-10-13 17:17:49,104 now=[1570987069.104044]||path=[/api/v1.0/auth/status]||full_path=[/api/v1.0/auth/status]||cost=[0.00581]
2019-10-13 17:17:49,141 now=[1570987069.141619]||path=[/api/v1.0/service/weather]||full_path=[/api/v1.0/service/weather]||cost=[0.01369]
2019-10-13 17:17:49,145 now=[1570987069.145629]||path=[/api/v1.0/service/stock]||full_path=[/api/v1.0/service/stock]||cost=[0.01289]
2019-10-13 17:17:49,146 now=[1570987069.1464808]||path=[/api/v1.0/service/constellation]||full_path=[/api/v1.0/service/constellation]||cost=[0.01584]
2019-10-13 17:19:23,704 now=[1570987163.704422]||path=[/api/v1.0/auth/user]||full_path=[/api/v1.0/auth/user]||cost=[0.00931]
2019-10-13 17:19:28,406 now=[1570987168.4068139]||path=[/api/v1.0/auth/user]||full_path=[/api/v1.0/auth/user]||cost=[0.014]
2019-10-13 17:19:39,584 now=[1570987179.5847838]||path=[/api/v1.0/auth/user]||full_path=[/api/v1.0/auth/user]||cost=[0.00647]
2019-10-13 17:19:43,473 now=[1570987183.473574]||path=[/api/v1.0/auth/user]||full_path=[/api/v1.0/auth/user]||cost=[0.00631]
2019-10-13 17:19:47,148 now=[1570987187.1484978]||path=[/api/v1.0/auth/user]||full_path=[/api/v1.0/auth/user]||cost=[0.0069]
2019-10-13 17:19:50,266 now=[1570987190.2662752]||path=[/api/v1.0/auth/user]||full_path=[/api/v1.0/auth/user]||cost=[0.00625]
2019-10-13 17:19:54,011 now=[1570987194.011712]||path=[/api/v1.0/auth/user]||full_path=[/api/v1.0/auth/user]||cost=[0.01084]
2019-10-13 17:19:54,898 now=[1570987194.898724]||path=[/all/rss/]||full_path=[/all/rss/]||cost=[0.00533]
2019-10-13 17:19:59,244 now=[1570987199.244591]||path=[/api/v1.0/auth/status]||full_path=[/api/v1.0/auth/status]||cost=[0.00434]
2019-10-13 17:20:00,485 now=[1570987200.485556]||path=[/api/v1.0/service/constellation]||full_path=[/api/v1.0/service/constellation]||cost=[1.21432]
2019-10-13 17:20:00,487 now=[1570987200.487034]||path=[/api/v1.0/service/stock]||full_path=[/api/v1.0/service/stock]||cost=[1.21385]
2019-10-13 17:20:00,843 now=[1570987200.843203]||path=[/api/v1.0/service/weather]||full_path=[/api/v1.0/service/weather]||cost=[1.5736]
2019-10-13 17:20:21,836 now=[1570987221.836303]||path=[/api/v1.0/auth/status]||full_path=[/api/v1.0/auth/status]||cost=[0.00602]
2019-10-13 17:20:22,296 now=[1570987222.296113]||path=[/api/v1.0/service/stock]||full_path=[/api/v1.0/service/stock]||cost=[0.4337]
2019-10-13 17:20:22,305 now=[1570987222.30546]||path=[/api/v1.0/service/constellation]||full_path=[/api/v1.0/service/constellation]||cost=[0.44469]
2019-10-13 17:20:22,390 now=[1570987222.390049]||path=[/api/v1.0/service/weather]||full_path=[/api/v1.0/service/weather]||cost=[0.53123]
2019-10-13 17:20:32,534 now=[1570987232.534423]||path=[/api/v1.0/auth/status]||full_path=[/api/v1.0/auth/status]||cost=[0.00408]
2019-10-13 17:20:32,567 now=[1570987232.567551]||path=[/api/v1.0/service/constellation]||full_path=[/api/v1.0/service/constellation]||cost=[0.00954]
2019-10-13 17:20:32,985 now=[1570987232.98496]||path=[/api/v1.0/service/stock]||full_path=[/api/v1.0/service/stock]||cost=[0.42518]
2019-10-13 17:20:33,134 now=[1570987233.134175]||path=[/api/v1.0/service/weather]||full_path=[/api/v1.0/service/weather]||cost=[0.5777]
2019-10-13 17:20:35,478 now=[1570987235.478095]||path=[/api/v1.0/auth/status]||full_path=[/api/v1.0/auth/status]||cost=[0.00517]
2019-10-13 17:20:35,516 now=[1570987235.51662]||path=[/api/v1.0/service/constellation]||full_path=[/api/v1.0/service/constellation]||cost=[0.01413]
2019-10-13 17:20:35,937 now=[1570987235.937431]||path=[/api/v1.0/service/stock]||full_path=[/api/v1.0/service/stock]||cost=[0.43391]
2019-10-13 17:20:36,082 now=[1570987236.082239]||path=[/api/v1.0/service/weather]||full_path=[/api/v1.0/service/weather]||cost=[0.58143]
2019-10-13 17:28:35,754 now=[1570987715.75471]||path=[/api/v1.0/auth/authorize]||full_path=[/api/v1.0/auth/authorize]||cost=[0.95877]
2019-10-13 17:28:37,517 now=[1570987717.517726]||path=[/api/v1.0/auth/status]||full_path=[/api/v1.0/auth/status]||cost=[0.00576]
2019-10-13 17:28:37,557 now=[1570987717.557398]||path=[/api/v1.0/service/constellation]||full_path=[/api/v1.0/service/constellation]||cost=[0.01264]
2019-10-13 17:28:38,358 now=[1570987718.358285]||path=[/api/v1.0/service/stock]||full_path=[/api/v1.0/service/stock]||cost=[0.81166]
2019-10-13 17:28:38,415 now=[1570987718.4154398]||path=[/api/v1.0/service/weather]||full_path=[/api/v1.0/service/weather]||cost=[0.87361]
2019-10-13 17:29:54,901 now=[1570987794.901312]||path=[/all/rss/]||full_path=[/all/rss/]||cost=[0.00641]
2019-10-13 17:30:55,563 now=[1570987855.563193]||path=[/api/v1.0/service/menu]||full_path=[/api/v1.0/service/menu]||cost=[0.0102]
2019-10-13 17:31:02,534 now=[1570987862.534442]||path=[/api/v1.0/auth/authorize]||full_path=[/api/v1.0/auth/authorize]||cost=[0.97582]
2019-10-13 17:31:18,640 now=[1570987878.6400561]||path=[/api/v1.0/auth/status]||full_path=[/api/v1.0/auth/status]||cost=[0.00455]
2019-10-13 17:31:18,684 now=[1570987878.684503]||path=[/api/v1.0/service/constellation]||full_path=[/api/v1.0/service/constellation]||cost=[0.01549]
2019-10-13 17:31:19,273 now=[1570987879.273309]||path=[/api/v1.0/service/stock]||full_path=[/api/v1.0/service/stock]||cost=[0.6014]
2019-10-13 17:31:19,328 now=[1570987879.328039]||path=[/api/v1.0/service/weather]||full_path=[/api/v1.0/service/weather]||cost=[0.66122]
2019-10-13 17:32:38,527 now=[1570987958.527879]||path=[/api/v1.0/service/menu]||full_path=[/api/v1.0/service/menu]||cost=[0.00615]
2019-10-13 17:32:55,355 now=[1570987975.3553479]||path=[/api/v1.0/service/menu]||full_path=[/api/v1.0/service/menu]||cost=[0.00661]
2019-10-13 17:33:14,447 now=[1570987994.447409]||path=[/api/v1.0/service/menu/list]||full_path=[/api/v1.0/service/menu/list]||cost=[0.00488]
2019-10-13 17:34:05,439 now=[1570988045.4396002]||path=[/api/v1.0/service/menu]||full_path=[/api/v1.0/service/menu]||cost=[0.00755]
2019-10-13 17:39:54,936 now=[1570988394.936893]||path=[/all/rss/]||full_path=[/all/rss/]||cost=[0.00398]
2019-10-13 17:41:44,543 now=[1570988504.543461]||path=[/api/v1.0/service/menu]||full_path=[/api/v1.0/service/menu]||cost=[0.00624]
2019-10-13 17:42:34,672 now=[1570988554.67292]||path=[/api/v1.0/service/menu]||full_path=[/api/v1.0/service/menu]||cost=[0.00729]
2019-10-13 17:43:18,807 now=[1570988598.807463]||path=[/api/v1.0/service/menu]||full_path=[/api/v1.0/service/menu]||cost=[0.00657]
2019-10-13 17:43:23,146 now=[1570988603.146066]||path=[/api/v1.0/service/joke]||full_path=[/api/v1.0/service/joke]||cost=[1.15688]
2019-10-13 17:49:54,960 now=[1570988994.9607282]||path=[/all/rss/]||full_path=[/all/rss/]||cost=[0.00576]
2019-10-13 17:59:54,971 now=[1570989594.9718988]||path=[/all/rss/]||full_path=[/all/rss/]||cost=[0.00572]
2019-10-13 18:04:02,731 now=[1570989842.731147]||path=[/api/v1.0/service/menu]||full_path=[/api/v1.0/service/menu]||cost=[0.00762]
2019-10-13 18:04:30,159 now=[1570989870.159125]||path=[/api/v1.0/service/menu]||full_path=[/api/v1.0/service/menu]||cost=[0.00624]
2019-10-13 18:04:38,177 now=[1570989878.177898]||path=[/api/v1.0/service/menu]||full_path=[/api/v1.0/service/menu]||cost=[0.00694]
2019-10-13 18:04:57,282 now=[1570989897.282249]||path=[/api/v1.0/service/menu]||full_path=[/api/v1.0/service/menu]||cost=[0.00551]
2019-10-13 18:06:34,608 now=[1570989994.608452]||path=[/api/v1.0/service/menu]||full_path=[/api/v1.0/service/menu]||cost=[0.00751]
2019-10-13 18:07:03,737 now=[1570990023.7373812]||path=[/api/v1.0/service/menu]||full_path=[/api/v1.0/service/menu]||cost=[0.00711]
2019-10-13 18:07:38,476 now=[1570990058.476099]||path=[/api/v1.0/service/menu]||full_path=[/api/v1.0/service/menu]||cost=[0.0067]
2019-10-13 18:08:36,557 now=[1570990116.5570529]||path=[/api/v1.0/service/menu]||full_path=[/api/v1.0/service/menu]||cost=[0.00563]
2019-10-13 18:09:04,639 now=[1570990144.639799]||path=[/api/v1.0/service/menu]||full_path=[/api/v1.0/service/menu]||cost=[0.00514]
2019-10-13 18:09:54,981 now=[1570990194.9813042]||path=[/all/rss/]||full_path=[/all/rss/]||cost=[0.00328]
2019-10-13 18:18:25,902 now=[1570990705.9029582]||path=[/]||full_path=[/]||cost=[0.01219]
2019-10-13 18:27:19,795 now=[1570991239.795097]||path=[/]||full_path=[/]||cost=[0.00699]
2019-10-13 18:27:21,927 now=[1570991241.927386]||path=[/]||full_path=[/]||cost=[0.00266]
2019-10-13 18:27:22,471 now=[1570991242.471179]||path=[/articles/13/]||full_path=[/articles/13/]||cost=[0.00224]
2019-10-13 18:27:22,981 now=[1570991242.981039]||path=[/admin/]||full_path=[/admin/]||cost=[0.01083]
2019-10-13 18:27:23,012 now=[1570991243.0127301]||path=[/admin/login/]||full_path=[/admin/login/?next=/admin/]||cost=[0.0275]
2019-10-13 18:27:23,125 now=[1570991243.125777]||path=[/favicon.ico]||full_path=[/favicon.ico]||cost=[0.00283]
2019-10-13 18:27:30,871 now=[1570991250.871207]||path=[/admin/login/]||full_path=[/admin/login/?next=/admin/]||cost=[0.06684]
2019-10-13 18:27:44,536 now=[1570991264.536736]||path=[/admin/login/]||full_path=[/admin/login/?next=/admin/]||cost=[0.06788]
2019-10-13 18:27:48,168 now=[1570991268.16862]||path=[/admin/login/]||full_path=[/admin/login/?next=/admin/]||cost=[0.06595]
2019-10-13 18:28:32,040 now=[1570991312.04038]||path=[/admin/login/]||full_path=[/admin/login/?next=/admin/]||cost=[0.07594]
2019-10-13 18:28:32,088 now=[1570991312.0881422]||path=[/admin/]||full_path=[/admin/]||cost=[0.0373]
2019-10-13 18:28:32,124 now=[1570991312.12451]||path=[/favicon.ico]||full_path=[/favicon.ico]||cost=[0.00635]
2019-10-13 18:28:34,686 now=[1570991314.686224]||path=[/admin/apis/app/]||full_path=[/admin/apis/app/]||cost=[0.04036]
2019-10-13 18:28:34,730 now=[1570991314.73029]||path=[/admin/jsi18n/]||full_path=[/admin/jsi18n/]||cost=[0.01792]
2019-10-13 18:28:34,857 now=[1570991314.857152]||path=[/favicon.ico]||full_path=[/favicon.ico]||cost=[0.00267]
2019-10-13 18:28:36,170 now=[1570991316.170518]||path=[/admin/apis/app/f18ba49825b634f44e8cdfb694ecaa13/change/]||full_path=[/admin/apis/app/f18ba49825b634f44e8cdfb694ecaa13/change/]||cost=[0.03156]
2019-10-13 18:28:36,200 now=[1570991316.200584]||path=[/admin/jsi18n/]||full_path=[/admin/jsi18n/]||cost=[0.01765]
2019-10-13 18:28:36,252 now=[1570991316.252328]||path=[/favicon.ico]||full_path=[/favicon.ico]||cost=[0.00513]
2019-10-13 18:28:37,977 now=[1570991317.977508]||path=[/admin/apis/app/]||full_path=[/admin/apis/app/]||cost=[0.03243]
2019-10-13 18:28:37,992 now=[1570991317.9924312]||path=[/admin/jsi18n/]||full_path=[/admin/jsi18n/]||cost=[0.00802]
2019-10-13 18:28:38,495 now=[1570991318.495276]||path=[/admin/apis/]||full_path=[/admin/apis/]||cost=[0.01559]
2019-10-13 18:28:38,529 now=[1570991318.529545]||path=[/favicon.ico]||full_path=[/favicon.ico]||cost=[0.00562]
2019-10-13 18:28:39,604 now=[1570991319.603992]||path=[/admin/]||full_path=[/admin/]||cost=[0.01925]
2019-10-13 18:28:47,430 now=[1570991327.4301271]||path=[/admin/auth/user/]||full_path=[/admin/auth/user/]||cost=[0.03096]
2019-10-13 18:28:47,454 now=[1570991327.454298]||path=[/admin/jsi18n/]||full_path=[/admin/jsi18n/]||cost=[0.01406]
2019-10-13 18:28:47,491 now=[1570991327.491735]||path=[/favicon.ico]||full_path=[/favicon.ico]||cost=[0.00275]
2019-10-13 18:28:48,822 now=[1570991328.8229198]||path=[/admin/auth/user/1/change/]||full_path=[/admin/auth/user/1/change/]||cost=[0.07531]
2019-10-13 18:28:48,843 now=[1570991328.843272]||path=[/admin/jsi18n/]||full_path=[/admin/jsi18n/]||cost=[0.00971]
2019-10-13 18:28:48,900 now=[1570991328.900141]||path=[/favicon.ico]||full_path=[/favicon.ico]||cost=[0.00346]
2019-10-13 18:29:09,377 now=[1570991349.3770611]||path=[/admin/]||full_path=[/admin/]||cost=[0.01702]
2019-10-13 18:29:10,432 now=[1570991350.4325812]||path=[/admin/authorization/user/]||full_path=[/admin/authorization/user/]||cost=[0.02865]
2019-10-13 18:29:10,449 now=[1570991350.4499269]||path=[/admin/jsi18n/]||full_path=[/admin/jsi18n/]||cost=[0.01039]
2019-10-13 18:29:10,478 now=[1570991350.478004]||path=[/favicon.ico]||full_path=[/favicon.ico]||cost=[0.00301]
2019-10-13 18:29:11,597 now=[1570991351.5978508]||path=[/admin/authorization/user/1/change/]||full_path=[/admin/authorization/user/1/change/]||cost=[0.0383]
2019-10-13 18:29:11,631 now=[1570991351.6319082]||path=[/admin/jsi18n/]||full_path=[/admin/jsi18n/]||cost=[0.00853]
2019-10-13 18:29:11,658 now=[1570991351.658241]||path=[/favicon.ico]||full_path=[/favicon.ico]||cost=[0.00258]
2019-10-13 18:29:55,012 now=[1570991395.012853]||path=[/all/rss/]||full_path=[/all/rss/]||cost=[0.00468]
2019-10-13 18:33:47,453 now=[1570991627.453357]||path=[/api/v1.0/service/menu/list]||full_path=[/api/v1.0/service/menu/list]||cost=[0.00826]
2019-10-13 18:33:57,881 now=[1570991637.881141]||path=[/api/v1.0/service/menu/list]||full_path=[/api/v1.0/service/menu/list]||cost=[0.00658]
2019-10-13 18:34:03,990 now=[1570991643.990828]||path=[/api/v1.0/auth/authorize]||full_path=[/api/v1.0/auth/authorize]||cost=[1.24842]
2019-10-13 18:34:08,893 now=[1570991648.893881]||path=[/api/v1.0/auth/status]||full_path=[/api/v1.0/auth/status]||cost=[0.00401]
2019-10-13 18:34:10,046 now=[1570991650.046527]||path=[/api/v1.0/service/weather]||full_path=[/api/v1.0/service/weather]||cost=[1.13087]
2019-10-13 18:34:10,050 now=[1570991650.050926]||path=[/api/v1.0/service/stock]||full_path=[/api/v1.0/service/stock]||cost=[1.13218]
2019-10-13 18:34:10,056 now=[1570991650.0565262]||path=[/api/v1.0/service/constellation]||full_path=[/api/v1.0/service/constellation]||cost=[1.13954]
2019-10-13 18:34:12,991 now=[1570991652.99191]||path=[/api/v1.0/service/menu/list]||full_path=[/api/v1.0/service/menu/list]||cost=[0.00545]
2019-10-13 18:36:09,241 now=[1570991769.2419379]||path=[/api/v1.0/service/menu/list]||full_path=[/api/v1.0/service/menu/list]||cost=[0.0067]
2019-10-13 18:36:15,054 now=[1570991775.05482]||path=[/api/v1.0/auth/authorize]||full_path=[/api/v1.0/auth/authorize]||cost=[0.9974]
2019-10-13 18:36:24,383 now=[1570991784.38383]||path=[/api/v1.0/service/menu/list]||full_path=[/api/v1.0/service/menu/list]||cost=[0.00983]
2019-10-13 18:36:29,193 now=[1570991789.193847]||path=[/api/v1.0/auth/authorize]||full_path=[/api/v1.0/auth/authorize]||cost=[0.89117]
2019-10-13 18:38:45,845 now=[1570991925.8452349]||path=[/api/v1.0/auth/user]||full_path=[/api/v1.0/auth/user]||cost=[0.00641]
2019-10-13 18:38:50,679 now=[1570991930.6799722]||path=[/api/v1.0/auth/status]||full_path=[/api/v1.0/auth/status]||cost=[0.00396]
2019-10-13 18:38:50,712 now=[1570991930.712407]||path=[/api/v1.0/service/constellation]||full_path=[/api/v1.0/service/constellation]||cost=[0.009]
2019-10-13 18:38:51,304 now=[1570991931.3040378]||path=[/api/v1.0/service/weather]||full_path=[/api/v1.0/service/weather]||cost=[0.60216]
2019-10-13 18:38:51,310 now=[1570991931.3102]||path=[/api/v1.0/service/stock]||full_path=[/api/v1.0/service/stock]||cost=[0.60557]
2019-10-13 18:39:55,019 now=[1570991995.019936]||path=[/all/rss/]||full_path=[/all/rss/]||cost=[0.00307]
